<?xml version="1.0"?>
<data progress="1">
	<point time="1">
<box type="sat">
<interval var="InA" left="56250" right="56406.25"/>
<interval var="lambda" left="0.2937500000000001" right="0.3" />
</box>

<box type="sat">
<interval var="InA" left="56093.75" right="56250"/>
<interval var="lambda" left="0.3187500000000001" right="0.3250000000000001" />
</box>

<box type="sat">
<interval var="InA" left="64375" right="64531.25"/>
<interval var="lambda" left="0.2687500000000001" right="0.2750000000000001" />
</box>

<box type="sat">
<interval var="InA" left="63281.25" right="63437.5"/>
<interval var="lambda" left="0.24375" right="0.2500000000000001" />
</box>

<box type="sat">
<interval var="InA" left="57656.25" right="57812.5"/>
<interval var="lambda" left="0.3" right="0.3062500000000001" />
</box>

<box type="sat">
<interval var="InA" left="64843.75" right="65000"/>
<interval var="lambda" left="0.24375" right="0.2500000000000001" />
</box>

<box type="sat">
<interval var="InA" left="60781.25" right="60937.5"/>
<interval var="lambda" left="0.2812500000000001" right="0.2875000000000001" />
</box>

<box type="sat">
<interval var="InA" left="63125" right="63281.25"/>
<interval var="lambda" left="0.2375" right="0.24375" />
</box>

<box type="sat">
<interval var="InA" left="58593.75" right="58750"/>
<interval var="lambda" left="0.2750000000000001" right="0.2812500000000001" />
</box>

<box type="sat">
<interval var="InA" left="60625" right="60781.25"/>
<interval var="lambda" left="0.3" right="0.3062500000000001" />
</box>

<box type="sat">
<interval var="InA" left="57812.5" right="57968.75"/>
<interval var="lambda" left="0.3187500000000001" right="0.3250000000000001" />
</box>

<box type="sat">
<interval var="InA" left="59531.25" right="59687.5"/>
<interval var="lambda" left="0.2625000000000001" right="0.2687500000000001" />
</box>

<box type="sat">
<interval var="InA" left="63593.75" right="63750"/>
<interval var="lambda" left="0.2625000000000001" right="0.2687500000000001" />
</box>

<box type="sat">
<interval var="InA" left="57500" right="57656.25"/>
<interval var="lambda" left="0.3187500000000001" right="0.3250000000000001" />
</box>

<box type="sat">
<interval var="InA" left="61875" right="62031.25"/>
<interval var="lambda" left="0.2500000000000001" right="0.2562500000000001" />
</box>

<box type="sat">
<interval var="InA" left="60000" right="60156.25"/>
<interval var="lambda" left="0.2687500000000001" right="0.2750000000000001" />
</box>

<box type="sat">
<interval var="InA" left="58750" right="58906.25"/>
<interval var="lambda" left="0.3" right="0.3062500000000001" />
</box>

<box type="sat">
<interval var="InA" left="61875" right="62031.25"/>
<interval var="lambda" left="0.2875000000000001" right="0.2937500000000001" />
</box>

<box type="sat">
<interval var="InA" left="55937.5" right="56093.75"/>
<interval var="lambda" left="0.3125000000000001" right="0.3187500000000001" />
</box>

<box type="sat">
<interval var="InA" left="57031.25" right="57187.5"/>
<interval var="lambda" left="0.3250000000000001" right="0.3312500000000001" />
</box>

<box type="sat">
<interval var="InA" left="56250" right="56406.25"/>
<interval var="lambda" left="0.3" right="0.3062500000000001" />
</box>

<box type="sat">
<interval var="InA" left="56562.5" right="56718.75"/>
<interval var="lambda" left="0.2812500000000001" right="0.2875000000000001" />
</box>

<box type="sat">
<interval var="InA" left="56875" right="57031.25"/>
<interval var="lambda" left="0.3062500000000001" right="0.3125000000000001" />
</box>

<box type="sat">
<interval var="InA" left="56093.75" right="56250"/>
<interval var="lambda" left="0.2812500000000001" right="0.2875000000000001" />
</box>

<box type="sat">
<interval var="InA" left="60937.5" right="61093.75"/>
<interval var="lambda" left="0.2625000000000001" right="0.2687500000000001" />
</box>

<box type="sat">
<interval var="InA" left="63125" right="63281.25"/>
<interval var="lambda" left="0.2625000000000001" right="0.2687500000000001" />
</box>

<box type="sat">
<interval var="InA" left="64687.5" right="64843.75"/>
<interval var="lambda" left="0.2562500000000001" right="0.2625000000000001" />
</box>

<box type="sat">
<interval var="InA" left="64843.75" right="65000"/>
<interval var="lambda" left="0.2750000000000001" right="0.2812500000000001" />
</box>

<box type="sat">
<interval var="InA" left="57968.75" right="58125"/>
<interval var="lambda" left="0.3187500000000001" right="0.3250000000000001" />
</box>

<box type="sat">
<interval var="InA" left="56718.75" right="56875"/>
<interval var="lambda" left="0.3062500000000001" right="0.3125000000000001" />
</box>

<box type="sat">
<interval var="InA" left="57343.75" right="57500"/>
<interval var="lambda" left="0.2812500000000001" right="0.2875000000000001" />
</box>

<box type="sat">
<interval var="InA" left="60468.75" right="60625"/>
<interval var="lambda" left="0.2750000000000001" right="0.2812500000000001" />
</box>

<box type="sat">
<interval var="InA" left="63125" right="63281.25"/>
<interval var="lambda" left="0.2687500000000001" right="0.2750000000000001" />
</box>

<box type="sat">
<interval var="InA" left="56250" right="56406.25"/>
<interval var="lambda" left="0.3250000000000001" right="0.3312500000000001" />
</box>

<box type="sat">
<interval var="InA" left="64218.75" right="64375"/>
<interval var="lambda" left="0.2500000000000001" right="0.2562500000000001" />
</box>

<box type="sat">
<interval var="InA" left="63906.25" right="64062.5"/>
<interval var="lambda" left="0.24375" right="0.2500000000000001" />
</box>

<box type="sat">
<interval var="InA" left="61250" right="61406.25"/>
<interval var="lambda" left="0.2937500000000001" right="0.3" />
</box>

<box type="sat">
<interval var="InA" left="55781.25" right="55937.5"/>
<interval var="lambda" left="0.3125000000000001" right="0.3187500000000001" />
</box>

<box type="sat">
<interval var="InA" left="62031.25" right="62187.5"/>
<interval var="lambda" left="0.2875000000000001" right="0.2937500000000001" />
</box>

<box type="sat">
<interval var="InA" left="59687.5" right="59843.75"/>
<interval var="lambda" left="0.3062500000000001" right="0.3125000000000001" />
</box>

<box type="sat">
<interval var="InA" left="63750" right="63906.25"/>
<interval var="lambda" left="0.24375" right="0.2500000000000001" />
</box>

<box type="sat">
<interval var="InA" left="63906.25" right="64062.5"/>
<interval var="lambda" left="0.2562500000000001" right="0.2625000000000001" />
</box>

<box type="sat">
<interval var="InA" left="59062.5" right="59218.75"/>
<interval var="lambda" left="0.2750000000000001" right="0.2812500000000001" />
</box>

<box type="sat">
<interval var="InA" left="64843.75" right="65000"/>
<interval var="lambda" left="0.2375" right="0.24375" />
</box>

<box type="sat">
<interval var="InA" left="60000" right="60156.25"/>
<interval var="lambda" left="0.3" right="0.3062500000000001" />
</box>

<box type="sat">
<interval var="InA" left="62968.75" right="63125"/>
<interval var="lambda" left="0.2687500000000001" right="0.2750000000000001" />
</box>

<box type="sat">
<interval var="InA" left="60468.75" right="60625"/>
<interval var="lambda" left="0.2562500000000001" right="0.2625000000000001" />
</box>

<box type="sat">
<interval var="InA" left="58750" right="58906.25"/>
<interval var="lambda" left="0.2937500000000001" right="0.3" />
</box>

<box type="sat">
<interval var="InA" left="64062.5" right="64218.75"/>
<interval var="lambda" left="0.2562500000000001" right="0.2625000000000001" />
</box>

<box type="sat">
<interval var="InA" left="64218.75" right="64375"/>
<interval var="lambda" left="0.2687500000000001" right="0.2750000000000001" />
</box>

<box type="sat">
<interval var="InA" left="61718.75" right="61875"/>
<interval var="lambda" left="0.2625000000000001" right="0.2687500000000001" />
</box>

<box type="sat">
<interval var="InA" left="56250" right="56406.25"/>
<interval var="lambda" left="0.3187500000000001" right="0.3250000000000001" />
</box>

<box type="sat">
<interval var="InA" left="56718.75" right="56875"/>
<interval var="lambda" left="0.2875000000000001" right="0.2937500000000001" />
</box>

<box type="sat">
<interval var="InA" left="63750" right="63906.25"/>
<interval var="lambda" left="0.2750000000000001" right="0.2812500000000001" />
</box>

<box type="sat">
<interval var="InA" left="63906.25" right="64062.5"/>
<interval var="lambda" left="0.2812500000000001" right="0.2875000000000001" />
</box>

<box type="sat">
<interval var="InA" left="55156.25" right="55312.5"/>
<interval var="lambda" left="0.3125000000000001" right="0.3187500000000001" />
</box>

<box type="sat">
<interval var="InA" left="62500" right="62656.25"/>
<interval var="lambda" left="0.24375" right="0.2500000000000001" />
</box>

<box type="sat">
<interval var="InA" left="59687.5" right="59843.75"/>
<interval var="lambda" left="0.2625000000000001" right="0.2687500000000001" />
</box>

<box type="sat">
<interval var="InA" left="55312.5" right="55468.75"/>
<interval var="lambda" left="0.3187500000000001" right="0.3250000000000001" />
</box>

<box type="sat">
<interval var="InA" left="58125" right="58281.25"/>
<interval var="lambda" left="0.2687500000000001" right="0.2750000000000001" />
</box>

<box type="sat">
<interval var="InA" left="62031.25" right="62187.5"/>
<interval var="lambda" left="0.2812500000000001" right="0.2875000000000001" />
</box>

<box type="sat">
<interval var="InA" left="63593.75" right="63750"/>
<interval var="lambda" left="0.2562500000000001" right="0.2625000000000001" />
</box>

<box type="sat">
<interval var="InA" left="56562.5" right="56718.75"/>
<interval var="lambda" left="0.3" right="0.3062500000000001" />
</box>

<box type="sat">
<interval var="InA" left="60937.5" right="61093.75"/>
<interval var="lambda" left="0.2562500000000001" right="0.2625000000000001" />
</box>

<box type="sat">
<interval var="InA" left="57031.25" right="57187.5"/>
<interval var="lambda" left="0.3" right="0.3062500000000001" />
</box>

<box type="sat">
<interval var="InA" left="64062.5" right="64218.75"/>
<interval var="lambda" left="0.2750000000000001" right="0.2812500000000001" />
</box>

<box type="sat">
<interval var="InA" left="61406.25" right="61562.5"/>
<interval var="lambda" left="0.2562500000000001" right="0.2625000000000001" />
</box>

<box type="sat">
<interval var="InA" left="60312.5" right="60468.75"/>
<interval var="lambda" left="0.2750000000000001" right="0.2812500000000001" />
</box>

<box type="sat">
<interval var="InA" left="56406.25" right="56562.5"/>
<interval var="lambda" left="0.3125000000000001" right="0.3187500000000001" />
</box>

<box type="sat">
<interval var="InA" left="62812.5" right="62968.75"/>
<interval var="lambda" left="0.2562500000000001" right="0.2625000000000001" />
</box>

<box type="sat">
<interval var="InA" left="57031.25" right="57187.5"/>
<interval var="lambda" left="0.2750000000000001" right="0.2812500000000001" />
</box>

<box type="sat">
<interval var="InA" left="55312.5" right="55468.75"/>
<interval var="lambda" left="0.3312500000000001" right="0.3375000000000001" />
</box>

<box type="sat">
<interval var="InA" left="57968.75" right="58125"/>
<interval var="lambda" left="0.2812500000000001" right="0.2875000000000001" />
</box>

<box type="sat">
<interval var="InA" left="60312.5" right="60468.75"/>
<interval var="lambda" left="0.3062500000000001" right="0.3125000000000001" />
</box>

<box type="sat">
<interval var="InA" left="56406.25" right="56562.5"/>
<interval var="lambda" left="0.2812500000000001" right="0.2875000000000001" />
</box>

<box type="sat">
<interval var="InA" left="62031.25" right="62187.5"/>
<interval var="lambda" left="0.2500000000000001" right="0.2562500000000001" />
</box>

<box type="sat">
<interval var="InA" left="57187.5" right="57343.75"/>
<interval var="lambda" left="0.3" right="0.3062500000000001" />
</box>

<box type="sat">
<interval var="InA" left="55781.25" right="55937.5"/>
<interval var="lambda" left="0.2937500000000001" right="0.3" />
</box>

<box type="sat">
<interval var="InA" left="62343.75" right="62500"/>
<interval var="lambda" left="0.2625000000000001" right="0.2687500000000001" />
</box>

<box type="sat">
<interval var="InA" left="62500" right="62656.25"/>
<interval var="lambda" left="0.2875000000000001" right="0.2937500000000001" />
</box>

<box type="sat">
<interval var="InA" left="57187.5" right="57343.75"/>
<interval var="lambda" left="0.2812500000000001" right="0.2875000000000001" />
</box>

<box type="sat">
<interval var="InA" left="60156.25" right="60312.5"/>
<interval var="lambda" left="0.2812500000000001" right="0.2875000000000001" />
</box>

<box type="sat">
<interval var="InA" left="57968.75" right="58125"/>
<interval var="lambda" left="0.2875000000000001" right="0.2937500000000001" />
</box>

<box type="sat">
<interval var="InA" left="63125" right="63281.25"/>
<interval var="lambda" left="0.2562500000000001" right="0.2625000000000001" />
</box>

<box type="sat">
<interval var="InA" left="64375" right="64531.25"/>
<interval var="lambda" left="0.2625000000000001" right="0.2687500000000001" />
</box>

<box type="sat">
<interval var="InA" left="62031.25" right="62187.5"/>
<interval var="lambda" left="0.2562500000000001" right="0.2625000000000001" />
</box>

<box type="sat">
<interval var="InA" left="60625" right="60781.25"/>
<interval var="lambda" left="0.2875000000000001" right="0.2937500000000001" />
</box>

<box type="sat">
<interval var="InA" left="57343.75" right="57500"/>
<interval var="lambda" left="0.3062500000000001" right="0.3125000000000001" />
</box>

<box type="sat">
<interval var="InA" left="56093.75" right="56250"/>
<interval var="lambda" left="0.3" right="0.3062500000000001" />
</box>

<box type="sat">
<interval var="InA" left="61406.25" right="61562.5"/>
<interval var="lambda" left="0.2812500000000001" right="0.2875000000000001" />
</box>

<box type="sat">
<interval var="InA" left="61250" right="61406.25"/>
<interval var="lambda" left="0.3" right="0.3062500000000001" />
</box>

<box type="sat">
<interval var="InA" left="55312.5" right="55468.75"/>
<interval var="lambda" left="0.2937500000000001" right="0.3" />
</box>

<box type="sat">
<interval var="InA" left="58125" right="58281.25"/>
<interval var="lambda" left="0.2937500000000001" right="0.3" />
</box>

<box type="sat">
<interval var="InA" left="63750" right="63906.25"/>
<interval var="lambda" left="0.2625000000000001" right="0.2687500000000001" />
</box>

<box type="sat">
<interval var="InA" left="58750" right="58906.25"/>
<interval var="lambda" left="0.2687500000000001" right="0.2750000000000001" />
</box>

<box type="sat">
<interval var="InA" left="63906.25" right="64062.5"/>
<interval var="lambda" left="0.2750000000000001" right="0.2812500000000001" />
</box>

<box type="sat">
<interval var="InA" left="55468.75" right="55625"/>
<interval var="lambda" left="0.2937500000000001" right="0.3" />
</box>

<box type="sat">
<interval var="InA" left="60468.75" right="60625"/>
<interval var="lambda" left="0.2687500000000001" right="0.2750000000000001" />
</box>

<box type="sat">
<interval var="InA" left="59375" right="59531.25"/>
<interval var="lambda" left="0.2875000000000001" right="0.2937500000000001" />
</box>

<box type="sat">
<interval var="InA" left="59375" right="59531.25"/>
<interval var="lambda" left="0.2937500000000001" right="0.3" />
</box>

<box type="sat">
<interval var="InA" left="58906.25" right="59062.5"/>
<interval var="lambda" left="0.2750000000000001" right="0.2812500000000001" />
</box>

<box type="sat">
<interval var="InA" left="62187.5" right="62343.75"/>
<interval var="lambda" left="0.2812500000000001" right="0.2875000000000001" />
</box>

<box type="sat">
<interval var="InA" left="64687.5" right="64843.75"/>
<interval var="lambda" left="0.2687500000000001" right="0.2750000000000001" />
</box>

<box type="sat">
<interval var="InA" left="55625" right="55781.25"/>
<interval var="lambda" left="0.3" right="0.3062500000000001" />
</box>

<box type="sat">
<interval var="InA" left="55156.25" right="55312.5"/>
<interval var="lambda" left="0.2937500000000001" right="0.3" />
</box>

<box type="sat">
<interval var="InA" left="61562.5" right="61718.75"/>
<interval var="lambda" left="0.2625000000000001" right="0.2687500000000001" />
</box>

<box type="sat">
<interval var="InA" left="61406.25" right="61562.5"/>
<interval var="lambda" left="0.2750000000000001" right="0.2812500000000001" />
</box>

<box type="sat">
<interval var="InA" left="59375" right="59531.25"/>
<interval var="lambda" left="0.3125000000000001" right="0.3187500000000001" />
</box>

<box type="sat">
<interval var="InA" left="63750" right="63906.25"/>
<interval var="lambda" left="0.2375" right="0.24375" />
</box>

<box type="sat">
<interval var="InA" left="57187.5" right="57343.75"/>
<interval var="lambda" left="0.2937500000000001" right="0.3" />
</box>

<box type="sat">
<interval var="InA" left="59218.75" right="59375"/>
<interval var="lambda" left="0.2937500000000001" right="0.3" />
</box>

<box type="sat">
<interval var="InA" left="62343.75" right="62500"/>
<interval var="lambda" left="0.2875000000000001" right="0.2937500000000001" />
</box>

<box type="sat">
<interval var="InA" left="55937.5" right="56093.75"/>
<interval var="lambda" left="0.3250000000000001" right="0.3312500000000001" />
</box>

<box type="sat">
<interval var="InA" left="59531.25" right="59687.5"/>
<interval var="lambda" left="0.3" right="0.3062500000000001" />
</box>

<box type="sat">
<interval var="InA" left="56250" right="56406.25"/>
<interval var="lambda" left="0.3125000000000001" right="0.3187500000000001" />
</box>

<box type="sat">
<interval var="InA" left="58281.25" right="58437.5"/>
<interval var="lambda" left="0.3" right="0.3062500000000001" />
</box>

<box type="sat">
<interval var="InA" left="62656.25" right="62812.5"/>
<interval var="lambda" left="0.2562500000000001" right="0.2625000000000001" />
</box>

<box type="sat">
<interval var="InA" left="64062.5" right="64218.75"/>
<interval var="lambda" left="0.2687500000000001" right="0.2750000000000001" />
</box>

<box type="sat">
<interval var="InA" left="62187.5" right="62343.75"/>
<interval var="lambda" left="0.24375" right="0.2500000000000001" />
</box>

<box type="sat">
<interval var="InA" left="55156.25" right="55312.5"/>
<interval var="lambda" left="0.3" right="0.3062500000000001" />
</box>

<box type="sat">
<interval var="InA" left="57500" right="57656.25"/>
<interval var="lambda" left="0.3" right="0.3062500000000001" />
</box>

<box type="sat">
<interval var="InA" left="64843.75" right="65000"/>
<interval var="lambda" left="0.2500000000000001" right="0.2562500000000001" />
</box>

<box type="sat">
<interval var="InA" left="57343.75" right="57500"/>
<interval var="lambda" left="0.3187500000000001" right="0.3250000000000001" />
</box>

<box type="sat">
<interval var="InA" left="55468.75" right="55625"/>
<interval var="lambda" left="0.3187500000000001" right="0.3250000000000001" />
</box>

<box type="sat">
<interval var="InA" left="56875" right="57031.25"/>
<interval var="lambda" left="0.3125000000000001" right="0.3187500000000001" />
</box>

<box type="sat">
<interval var="InA" left="61093.75" right="61250"/>
<interval var="lambda" left="0.3" right="0.3062500000000001" />
</box>

<box type="sat">
<interval var="InA" left="55156.25" right="55312.5"/>
<interval var="lambda" left="0.3187500000000001" right="0.3250000000000001" />
</box>

<box type="sat">
<interval var="InA" left="63593.75" right="63750"/>
<interval var="lambda" left="0.2687500000000001" right="0.2750000000000001" />
</box>

<box type="sat">
<interval var="InA" left="64062.5" right="64218.75"/>
<interval var="lambda" left="0.23125" right="0.2375" />
</box>

<box type="sat">
<interval var="InA" left="61093.75" right="61250"/>
<interval var="lambda" left="0.2500000000000001" right="0.2562500000000001" />
</box>

<box type="sat">
<interval var="InA" left="57343.75" right="57500"/>
<interval var="lambda" left="0.3125000000000001" right="0.3187500000000001" />
</box>

<box type="sat">
<interval var="InA" left="62031.25" right="62187.5"/>
<interval var="lambda" left="0.2625000000000001" right="0.2687500000000001" />
</box>

<box type="sat">
<interval var="InA" left="56718.75" right="56875"/>
<interval var="lambda" left="0.3" right="0.3062500000000001" />
</box>

<box type="sat">
<interval var="InA" left="61875" right="62031.25"/>
<interval var="lambda" left="0.2937500000000001" right="0.3" />
</box>

<box type="sat">
<interval var="InA" left="56093.75" right="56250"/>
<interval var="lambda" left="0.3062500000000001" right="0.3125000000000001" />
</box>

<box type="sat">
<interval var="InA" left="60156.25" right="60312.5"/>
<interval var="lambda" left="0.2937500000000001" right="0.3" />
</box>

<box type="sat">
<interval var="InA" left="61562.5" right="61718.75"/>
<interval var="lambda" left="0.2937500000000001" right="0.3" />
</box>

<box type="sat">
<interval var="InA" left="62500" right="62656.25"/>
<interval var="lambda" left="0.2625000000000001" right="0.2687500000000001" />
</box>

<box type="sat">
<interval var="InA" left="57656.25" right="57812.5"/>
<interval var="lambda" left="0.3062500000000001" right="0.3125000000000001" />
</box>

<box type="sat">
<interval var="InA" left="61875" right="62031.25"/>
<interval var="lambda" left="0.2625000000000001" right="0.2687500000000001" />
</box>

<box type="sat">
<interval var="InA" left="63906.25" right="64062.5"/>
<interval var="lambda" left="0.23125" right="0.2375" />
</box>

<box type="sat">
<interval var="InA" left="60156.25" right="60312.5"/>
<interval var="lambda" left="0.2875000000000001" right="0.2937500000000001" />
</box>

<box type="sat">
<interval var="InA" left="56875" right="57031.25"/>
<interval var="lambda" left="0.2937500000000001" right="0.3" />
</box>

<box type="sat">
<interval var="InA" left="60312.5" right="60468.75"/>
<interval var="lambda" left="0.2937500000000001" right="0.3" />
</box>

<box type="sat">
<interval var="InA" left="63906.25" right="64062.5"/>
<interval var="lambda" left="0.2687500000000001" right="0.2750000000000001" />
</box>

<box type="sat">
<interval var="InA" left="63593.75" right="63750"/>
<interval var="lambda" left="0.24375" right="0.2500000000000001" />
</box>

<box type="sat">
<interval var="InA" left="62187.5" right="62343.75"/>
<interval var="lambda" left="0.2625000000000001" right="0.2687500000000001" />
</box>

<box type="sat">
<interval var="InA" left="57187.5" right="57343.75"/>
<interval var="lambda" left="0.2750000000000001" right="0.2812500000000001" />
</box>

<box type="sat">
<interval var="InA" left="62656.25" right="62812.5"/>
<interval var="lambda" left="0.2750000000000001" right="0.2812500000000001" />
</box>

<box type="sat">
<interval var="InA" left="58437.5" right="58593.75"/>
<interval var="lambda" left="0.2937500000000001" right="0.3" />
</box>

<box type="sat">
<interval var="InA" left="60781.25" right="60937.5"/>
<interval var="lambda" left="0.2750000000000001" right="0.2812500000000001" />
</box>

<box type="sat">
<interval var="InA" left="61718.75" right="61875"/>
<interval var="lambda" left="0.2687500000000001" right="0.2750000000000001" />
</box>

<box type="sat">
<interval var="InA" left="60000" right="60156.25"/>
<interval var="lambda" left="0.2750000000000001" right="0.2812500000000001" />
</box>

<box type="sat">
<interval var="InA" left="55312.5" right="55468.75"/>
<interval var="lambda" left="0.2875000000000001" right="0.2937500000000001" />
</box>

<box type="sat">
<interval var="InA" left="61875" right="62031.25"/>
<interval var="lambda" left="0.24375" right="0.2500000000000001" />
</box>

<box type="sat">
<interval var="InA" left="58281.25" right="58437.5"/>
<interval var="lambda" left="0.2687500000000001" right="0.2750000000000001" />
</box>

<box type="sat">
<interval var="InA" left="57343.75" right="57500"/>
<interval var="lambda" left="0.3" right="0.3062500000000001" />
</box>

<box type="sat">
<interval var="InA" left="59843.75" right="60000"/>
<interval var="lambda" left="0.2812500000000001" right="0.2875000000000001" />
</box>

<box type="sat">
<interval var="InA" left="62031.25" right="62187.5"/>
<interval var="lambda" left="0.2687500000000001" right="0.2750000000000001" />
</box>

<box type="sat">
<interval var="InA" left="57656.25" right="57812.5"/>
<interval var="lambda" left="0.2937500000000001" right="0.3" />
</box>

<box type="sat">
<interval var="InA" left="62968.75" right="63125"/>
<interval var="lambda" left="0.24375" right="0.2500000000000001" />
</box>

<box type="sat">
<interval var="InA" left="55625" right="55781.25"/>
<interval var="lambda" left="0.3312500000000001" right="0.3375000000000001" />
</box>

<box type="sat">
<interval var="InA" left="55468.75" right="55625"/>
<interval var="lambda" left="0.3125000000000001" right="0.3187500000000001" />
</box>

<box type="sat">
<interval var="InA" left="60625" right="60781.25"/>
<interval var="lambda" left="0.2562500000000001" right="0.2625000000000001" />
</box>

<box type="sat">
<interval var="InA" left="55312.5" right="55468.75"/>
<interval var="lambda" left="0.3" right="0.3062500000000001" />
</box>

<box type="sat">
<interval var="InA" left="57812.5" right="57968.75"/>
<interval var="lambda" left="0.3" right="0.3062500000000001" />
</box>

<box type="sat">
<interval var="InA" left="64843.75" right="65000"/>
<interval var="lambda" left="0.2687500000000001" right="0.2750000000000001" />
</box>

<box type="sat">
<interval var="InA" left="62968.75" right="63125"/>
<interval var="lambda" left="0.2562500000000001" right="0.2625000000000001" />
</box>

<box type="sat">
<interval var="InA" left="60312.5" right="60468.75"/>
<interval var="lambda" left="0.3" right="0.3062500000000001" />
</box>

<box type="sat">
<interval var="InA" left="62656.25" right="62812.5"/>
<interval var="lambda" left="0.2687500000000001" right="0.2750000000000001" />
</box>

<box type="sat">
<interval var="InA" left="57968.75" right="58125"/>
<interval var="lambda" left="0.2687500000000001" right="0.2750000000000001" />
</box>

<box type="sat">
<interval var="InA" left="57968.75" right="58125"/>
<interval var="lambda" left="0.3125000000000001" right="0.3187500000000001" />
</box>

<box type="sat">
<interval var="InA" left="55625" right="55781.25"/>
<interval var="lambda" left="0.2937500000000001" right="0.3" />
</box>

<box type="sat">
<interval var="InA" left="57656.25" right="57812.5"/>
<interval var="lambda" left="0.2750000000000001" right="0.2812500000000001" />
</box>

<box type="sat">
<interval var="InA" left="60156.25" right="60312.5"/>
<interval var="lambda" left="0.2562500000000001" right="0.2625000000000001" />
</box>

<box type="sat">
<interval var="InA" left="58281.25" right="58437.5"/>
<interval var="lambda" left="0.2750000000000001" right="0.2812500000000001" />
</box>

<box type="sat">
<interval var="InA" left="63593.75" right="63750"/>
<interval var="lambda" left="0.2375" right="0.24375" />
</box>

<box type="sat">
<interval var="InA" left="55781.25" right="55937.5"/>
<interval var="lambda" left="0.3187500000000001" right="0.3250000000000001" />
</box>

<box type="sat">
<interval var="InA" left="62656.25" right="62812.5"/>
<interval var="lambda" left="0.2625000000000001" right="0.2687500000000001" />
</box>

<box type="sat">
<interval var="InA" left="58906.25" right="59062.5"/>
<interval var="lambda" left="0.3062500000000001" right="0.3125000000000001" />
</box>

<box type="sat">
<interval var="InA" left="63437.5" right="63593.75"/>
<interval var="lambda" left="0.2750000000000001" right="0.2812500000000001" />
</box>

<box type="sat">
<interval var="InA" left="56718.75" right="56875"/>
<interval var="lambda" left="0.2937500000000001" right="0.3" />
</box>

<box type="sat">
<interval var="InA" left="62343.75" right="62500"/>
<interval var="lambda" left="0.2500000000000001" right="0.2562500000000001" />
</box>

<box type="sat">
<interval var="InA" left="62187.5" right="62343.75"/>
<interval var="lambda" left="0.2750000000000001" right="0.2812500000000001" />
</box>

<box type="sat">
<interval var="InA" left="56875" right="57031.25"/>
<interval var="lambda" left="0.2875000000000001" right="0.2937500000000001" />
</box>

<box type="sat">
<interval var="InA" left="57187.5" right="57343.75"/>
<interval var="lambda" left="0.3187500000000001" right="0.3250000000000001" />
</box>

<box type="sat">
<interval var="InA" left="61250" right="61406.25"/>
<interval var="lambda" left="0.2812500000000001" right="0.2875000000000001" />
</box>

<box type="sat">
<interval var="InA" left="55625" right="55781.25"/>
<interval var="lambda" left="0.2875000000000001" right="0.2937500000000001" />
</box>

<box type="sat">
<interval var="InA" left="60781.25" right="60937.5"/>
<interval var="lambda" left="0.3" right="0.3062500000000001" />
</box>

<box type="sat">
<interval var="InA" left="64843.75" right="65000"/>
<interval var="lambda" left="0.2625000000000001" right="0.2687500000000001" />
</box>

<box type="sat">
<interval var="InA" left="60937.5" right="61093.75"/>
<interval var="lambda" left="0.2875000000000001" right="0.2937500000000001" />
</box>

<box type="sat">
<interval var="InA" left="57656.25" right="57812.5"/>
<interval var="lambda" left="0.3125000000000001" right="0.3187500000000001" />
</box>

<box type="sat">
<interval var="InA" left="57343.75" right="57500"/>
<interval var="lambda" left="0.2875000000000001" right="0.2937500000000001" />
</box>

<box type="sat">
<interval var="InA" left="56250" right="56406.25"/>
<interval var="lambda" left="0.2812500000000001" right="0.2875000000000001" />
</box>

<box type="sat">
<interval var="InA" left="57656.25" right="57812.5"/>
<interval var="lambda" left="0.3187500000000001" right="0.3250000000000001" />
</box>

<box type="sat">
<interval var="InA" left="61718.75" right="61875"/>
<interval var="lambda" left="0.2750000000000001" right="0.2812500000000001" />
</box>

<box type="sat">
<interval var="InA" left="57500" right="57656.25"/>
<interval var="lambda" left="0.3125000000000001" right="0.3187500000000001" />
</box>

<box type="sat">
<interval var="InA" left="56093.75" right="56250"/>
<interval var="lambda" left="0.3125000000000001" right="0.3187500000000001" />
</box>

<box type="sat">
<interval var="InA" left="59062.5" right="59218.75"/>
<interval var="lambda" left="0.3125000000000001" right="0.3187500000000001" />
</box>

<box type="sat">
<interval var="InA" left="61093.75" right="61250"/>
<interval var="lambda" left="0.2937500000000001" right="0.3" />
</box>

<box type="sat">
<interval var="InA" left="64062.5" right="64218.75"/>
<interval var="lambda" left="0.2375" right="0.24375" />
</box>

<box type="sat">
<interval var="InA" left="62812.5" right="62968.75"/>
<interval var="lambda" left="0.2625000000000001" right="0.2687500000000001" />
</box>

<box type="sat">
<interval var="InA" left="61250" right="61406.25"/>
<interval var="lambda" left="0.2750000000000001" right="0.2812500000000001" />
</box>

<box type="sat">
<interval var="InA" left="64843.75" right="65000"/>
<interval var="lambda" left="0.2562500000000001" right="0.2625000000000001" />
</box>

<box type="sat">
<interval var="InA" left="62968.75" right="63125"/>
<interval var="lambda" left="0.2750000000000001" right="0.2812500000000001" />
</box>

<box type="sat">
<interval var="InA" left="58125" right="58281.25"/>
<interval var="lambda" left="0.2812500000000001" right="0.2875000000000001" />
</box>

<box type="sat">
<interval var="InA" left="59218.75" right="59375"/>
<interval var="lambda" left="0.2687500000000001" right="0.2750000000000001" />
</box>

<box type="sat">
<interval var="InA" left="55625" right="55781.25"/>
<interval var="lambda" left="0.3187500000000001" right="0.3250000000000001" />
</box>

<box type="sat">
<interval var="InA" left="60312.5" right="60468.75"/>
<interval var="lambda" left="0.2562500000000001" right="0.2625000000000001" />
</box>

<box type="sat">
<interval var="InA" left="55781.25" right="55937.5"/>
<interval var="lambda" left="0.3" right="0.3062500000000001" />
</box>

<box type="sat">
<interval var="InA" left="62812.5" right="62968.75"/>
<interval var="lambda" left="0.2750000000000001" right="0.2812500000000001" />
</box>

<box type="sat">
<interval var="InA" left="55156.25" right="55312.5"/>
<interval var="lambda" left="0.3312500000000001" right="0.3375000000000001" />
</box>

<box type="sat">
<interval var="InA" left="64687.5" right="64843.75"/>
<interval var="lambda" left="0.2750000000000001" right="0.2812500000000001" />
</box>

<box type="sat">
<interval var="InA" left="57968.75" right="58125"/>
<interval var="lambda" left="0.3062500000000001" right="0.3125000000000001" />
</box>

<box type="sat">
<interval var="InA" left="62500" right="62656.25"/>
<interval var="lambda" left="0.2750000000000001" right="0.2812500000000001" />
</box>

<box type="sat">
<interval var="InA" left="61875" right="62031.25"/>
<interval var="lambda" left="0.2687500000000001" right="0.2750000000000001" />
</box>

<box type="sat">
<interval var="InA" left="55468.75" right="55625"/>
<interval var="lambda" left="0.2875000000000001" right="0.2937500000000001" />
</box>

<box type="sat">
<interval var="InA" left="60937.5" right="61093.75"/>
<interval var="lambda" left="0.2937500000000001" right="0.3" />
</box>

<box type="sat">
<interval var="InA" left="58593.75" right="58750"/>
<interval var="lambda" left="0.2875000000000001" right="0.2937500000000001" />
</box>

<box type="sat">
<interval var="InA" left="57031.25" right="57187.5"/>
<interval var="lambda" left="0.2812500000000001" right="0.2875000000000001" />
</box>

<box type="sat">
<interval var="InA" left="59062.5" right="59218.75"/>
<interval var="lambda" left="0.3" right="0.3062500000000001" />
</box>

<box type="sat">
<interval var="InA" left="57031.25" right="57187.5"/>
<interval var="lambda" left="0.3062500000000001" right="0.3125000000000001" />
</box>

<box type="sat">
<interval var="InA" left="55468.75" right="55625"/>
<interval var="lambda" left="0.3312500000000001" right="0.3375000000000001" />
</box>

<box type="sat">
<interval var="InA" left="62656.25" right="62812.5"/>
<interval var="lambda" left="0.24375" right="0.2500000000000001" />
</box>

<box type="sat">
<interval var="InA" left="58281.25" right="58437.5"/>
<interval var="lambda" left="0.3062500000000001" right="0.3125000000000001" />
</box>

<box type="sat">
<interval var="InA" left="59843.75" right="60000"/>
<interval var="lambda" left="0.2875000000000001" right="0.2937500000000001" />
</box>

<box type="sat">
<interval var="InA" left="59375" right="59531.25"/>
<interval var="lambda" left="0.2687500000000001" right="0.2750000000000001" />
</box>

<box type="sat">
<interval var="InA" left="58750" right="58906.25"/>
<interval var="lambda" left="0.2812500000000001" right="0.2875000000000001" />
</box>

<box type="sat">
<interval var="InA" left="59062.5" right="59218.75"/>
<interval var="lambda" left="0.2812500000000001" right="0.2875000000000001" />
</box>

<box type="sat">
<interval var="InA" left="57187.5" right="57343.75"/>
<interval var="lambda" left="0.3250000000000001" right="0.3312500000000001" />
</box>

<box type="sat">
<interval var="InA" left="57343.75" right="57500"/>
<interval var="lambda" left="0.2937500000000001" right="0.3" />
</box>

<box type="sat">
<interval var="InA" left="57968.75" right="58125"/>
<interval var="lambda" left="0.2937500000000001" right="0.3" />
</box>

<box type="sat">
<interval var="InA" left="61250" right="61406.25"/>
<interval var="lambda" left="0.2562500000000001" right="0.2625000000000001" />
</box>

<box type="sat">
<interval var="InA" left="55781.25" right="55937.5"/>
<interval var="lambda" left="0.3062500000000001" right="0.3125000000000001" />
</box>

<box type="sat">
<interval var="InA" left="64843.75" right="65000"/>
<interval var="lambda" left="0.225" right="0.23125" />
</box>

<box type="sat">
<interval var="InA" left="57812.5" right="57968.75"/>
<interval var="lambda" left="0.2937500000000001" right="0.3" />
</box>

<box type="sat">
<interval var="InA" left="64218.75" right="64375"/>
<interval var="lambda" left="0.2750000000000001" right="0.2812500000000001" />
</box>

<box type="sat">
<interval var="InA" left="64062.5" right="64218.75"/>
<interval var="lambda" left="0.24375" right="0.2500000000000001" />
</box>

<box type="sat">
<interval var="InA" left="64218.75" right="64375"/>
<interval var="lambda" left="0.2375" right="0.24375" />
</box>

<box type="sat">
<interval var="InA" left="63125" right="63281.25"/>
<interval var="lambda" left="0.2812500000000001" right="0.2875000000000001" />
</box>

<box type="sat">
<interval var="InA" left="59531.25" right="59687.5"/>
<interval var="lambda" left="0.3062500000000001" right="0.3125000000000001" />
</box>

<box type="sat">
<interval var="InA" left="58906.25" right="59062.5"/>
<interval var="lambda" left="0.2937500000000001" right="0.3" />
</box>

<box type="sat">
<interval var="InA" left="63281.25" right="63437.5"/>
<interval var="lambda" left="0.2875000000000001" right="0.2937500000000001" />
</box>

<box type="sat">
<interval var="InA" left="63750" right="63906.25"/>
<interval var="lambda" left="0.2562500000000001" right="0.2625000000000001" />
</box>

<box type="sat">
<interval var="InA" left="62500" right="62656.25"/>
<interval var="lambda" left="0.2500000000000001" right="0.2562500000000001" />
</box>

<box type="sat">
<interval var="InA" left="56406.25" right="56562.5"/>
<interval var="lambda" left="0.3250000000000001" right="0.3312500000000001" />
</box>

<box type="sat">
<interval var="InA" left="57812.5" right="57968.75"/>
<interval var="lambda" left="0.2875000000000001" right="0.2937500000000001" />
</box>

<box type="sat">
<interval var="InA" left="60937.5" right="61093.75"/>
<interval var="lambda" left="0.2687500000000001" right="0.2750000000000001" />
</box>

<box type="sat">
<interval var="InA" left="60312.5" right="60468.75"/>
<interval var="lambda" left="0.2875000000000001" right="0.2937500000000001" />
</box>

<box type="sat">
<interval var="InA" left="59531.25" right="59687.5"/>
<interval var="lambda" left="0.2812500000000001" right="0.2875000000000001" />
</box>

<box type="sat">
<interval var="InA" left="55937.5" right="56093.75"/>
<interval var="lambda" left="0.2812500000000001" right="0.2875000000000001" />
</box>

<box type="sat">
<interval var="InA" left="55156.25" right="55312.5"/>
<interval var="lambda" left="0.3250000000000001" right="0.3312500000000001" />
</box>

<box type="sat">
<interval var="InA" left="62656.25" right="62812.5"/>
<interval var="lambda" left="0.2875000000000001" right="0.2937500000000001" />
</box>

<box type="sat">
<interval var="InA" left="61093.75" right="61250"/>
<interval var="lambda" left="0.2875000000000001" right="0.2937500000000001" />
</box>

<box type="sat">
<interval var="InA" left="59687.5" right="59843.75"/>
<interval var="lambda" left="0.2750000000000001" right="0.2812500000000001" />
</box>

<box type="sat">
<interval var="InA" left="58593.75" right="58750"/>
<interval var="lambda" left="0.3" right="0.3062500000000001" />
</box>

<box type="sat">
<interval var="InA" left="58281.25" right="58437.5"/>
<interval var="lambda" left="0.2812500000000001" right="0.2875000000000001" />
</box>

<box type="sat">
<interval var="InA" left="61718.75" right="61875"/>
<interval var="lambda" left="0.2500000000000001" right="0.2562500000000001" />
</box>

<box type="sat">
<interval var="InA" left="61250" right="61406.25"/>
<interval var="lambda" left="0.2625000000000001" right="0.2687500000000001" />
</box>

<box type="sat">
<interval var="InA" left="60312.5" right="60468.75"/>
<interval var="lambda" left="0.2687500000000001" right="0.2750000000000001" />
</box>

<box type="sat">
<interval var="InA" left="59062.5" right="59218.75"/>
<interval var="lambda" left="0.2687500000000001" right="0.2750000000000001" />
</box>

<box type="sat">
<interval var="InA" left="58437.5" right="58593.75"/>
<interval var="lambda" left="0.3187500000000001" right="0.3250000000000001" />
</box>

<box type="sat">
<interval var="InA" left="64375" right="64531.25"/>
<interval var="lambda" left="0.2375" right="0.24375" />
</box>

<box type="sat">
<interval var="InA" left="60156.25" right="60312.5"/>
<interval var="lambda" left="0.2750000000000001" right="0.2812500000000001" />
</box>

<box type="sat">
<interval var="InA" left="62187.5" right="62343.75"/>
<interval var="lambda" left="0.2875000000000001" right="0.2937500000000001" />
</box>

<box type="sat">
<interval var="InA" left="62656.25" right="62812.5"/>
<interval var="lambda" left="0.2500000000000001" right="0.2562500000000001" />
</box>

<box type="sat">
<interval var="InA" left="60937.5" right="61093.75"/>
<interval var="lambda" left="0.2812500000000001" right="0.2875000000000001" />
</box>

<box type="sat">
<interval var="InA" left="59375" right="59531.25"/>
<interval var="lambda" left="0.2625000000000001" right="0.2687500000000001" />
</box>

<box type="sat">
<interval var="InA" left="58125" right="58281.25"/>
<interval var="lambda" left="0.3187500000000001" right="0.3250000000000001" />
</box>

<box type="sat">
<interval var="InA" left="59375" right="59531.25"/>
<interval var="lambda" left="0.2812500000000001" right="0.2875000000000001" />
</box>

<box type="sat">
<interval var="InA" left="62031.25" right="62187.5"/>
<interval var="lambda" left="0.2937500000000001" right="0.3" />
</box>

<box type="sat">
<interval var="InA" left="64062.5" right="64218.75"/>
<interval var="lambda" left="0.2625000000000001" right="0.2687500000000001" />
</box>

<box type="sat">
<interval var="InA" left="58906.25" right="59062.5"/>
<interval var="lambda" left="0.3" right="0.3062500000000001" />
</box>

<box type="sat">
<interval var="InA" left="56718.75" right="56875"/>
<interval var="lambda" left="0.2812500000000001" right="0.2875000000000001" />
</box>

<box type="sat">
<interval var="InA" left="56718.75" right="56875"/>
<interval var="lambda" left="0.3187500000000001" right="0.3250000000000001" />
</box>

<box type="sat">
<interval var="InA" left="64687.5" right="64843.75"/>
<interval var="lambda" left="0.2375" right="0.24375" />
</box>

<box type="sat">
<interval var="InA" left="61406.25" right="61562.5"/>
<interval var="lambda" left="0.3" right="0.3062500000000001" />
</box>

<box type="sat">
<interval var="InA" left="62343.75" right="62500"/>
<interval var="lambda" left="0.2687500000000001" right="0.2750000000000001" />
</box>

<box type="sat">
<interval var="InA" left="64687.5" right="64843.75"/>
<interval var="lambda" left="0.24375" right="0.2500000000000001" />
</box>

<box type="sat">
<interval var="InA" left="63593.75" right="63750"/>
<interval var="lambda" left="0.2750000000000001" right="0.2812500000000001" />
</box>

<box type="sat">
<interval var="InA" left="61562.5" right="61718.75"/>
<interval var="lambda" left="0.2875000000000001" right="0.2937500000000001" />
</box>

<box type="sat">
<interval var="InA" left="56875" right="57031.25"/>
<interval var="lambda" left="0.3187500000000001" right="0.3250000000000001" />
</box>

<box type="sat">
<interval var="InA" left="62812.5" right="62968.75"/>
<interval var="lambda" left="0.2687500000000001" right="0.2750000000000001" />
</box>

<box type="sat">
<interval var="InA" left="62187.5" right="62343.75"/>
<interval var="lambda" left="0.2687500000000001" right="0.2750000000000001" />
</box>

<box type="sat">
<interval var="InA" left="63281.25" right="63437.5"/>
<interval var="lambda" left="0.2687500000000001" right="0.2750000000000001" />
</box>

<box type="sat">
<interval var="InA" left="56406.25" right="56562.5"/>
<interval var="lambda" left="0.2875000000000001" right="0.2937500000000001" />
</box>

<box type="sat">
<interval var="InA" left="58281.25" right="58437.5"/>
<interval var="lambda" left="0.2875000000000001" right="0.2937500000000001" />
</box>

<box type="sat">
<interval var="InA" left="56250" right="56406.25"/>
<interval var="lambda" left="0.3062500000000001" right="0.3125000000000001" />
</box>

<box type="sat">
<interval var="InA" left="59687.5" right="59843.75"/>
<interval var="lambda" left="0.2937500000000001" right="0.3" />
</box>

<box type="sat">
<interval var="InA" left="63906.25" right="64062.5"/>
<interval var="lambda" left="0.2500000000000001" right="0.2562500000000001" />
</box>

<box type="sat">
<interval var="InA" left="57500" right="57656.25"/>
<interval var="lambda" left="0.2812500000000001" right="0.2875000000000001" />
</box>

<box type="sat">
<interval var="InA" left="56562.5" right="56718.75"/>
<interval var="lambda" left="0.2937500000000001" right="0.3" />
</box>

<box type="sat">
<interval var="InA" left="61562.5" right="61718.75"/>
<interval var="lambda" left="0.2500000000000001" right="0.2562500000000001" />
</box>

<box type="sat">
<interval var="InA" left="56406.25" right="56562.5"/>
<interval var="lambda" left="0.3062500000000001" right="0.3125000000000001" />
</box>

<box type="sat">
<interval var="InA" left="59062.5" right="59218.75"/>
<interval var="lambda" left="0.2875000000000001" right="0.2937500000000001" />
</box>

<box type="sat">
<interval var="InA" left="63750" right="63906.25"/>
<interval var="lambda" left="0.2812500000000001" right="0.2875000000000001" />
</box>

<box type="sat">
<interval var="InA" left="55781.25" right="55937.5"/>
<interval var="lambda" left="0.2875000000000001" right="0.2937500000000001" />
</box>

<box type="sat">
<interval var="InA" left="57500" right="57656.25"/>
<interval var="lambda" left="0.2937500000000001" right="0.3" />
</box>

<box type="sat">
<interval var="InA" left="63437.5" right="63593.75"/>
<interval var="lambda" left="0.2500000000000001" right="0.2562500000000001" />
</box>

<box type="sat">
<interval var="InA" left="59843.75" right="60000"/>
<interval var="lambda" left="0.2625000000000001" right="0.2687500000000001" />
</box>

<box type="sat">
<interval var="InA" left="59843.75" right="60000"/>
<interval var="lambda" left="0.3" right="0.3062500000000001" />
</box>

<box type="sat">
<interval var="InA" left="62343.75" right="62500"/>
<interval var="lambda" left="0.2937500000000001" right="0.3" />
</box>

<box type="sat">
<interval var="InA" left="61406.25" right="61562.5"/>
<interval var="lambda" left="0.2937500000000001" right="0.3" />
</box>

<box type="sat">
<interval var="InA" left="58593.75" right="58750"/>
<interval var="lambda" left="0.2687500000000001" right="0.2750000000000001" />
</box>

<box type="sat">
<interval var="InA" left="57031.25" right="57187.5"/>
<interval var="lambda" left="0.2937500000000001" right="0.3" />
</box>

<box type="sat">
<interval var="InA" left="61250" right="61406.25"/>
<interval var="lambda" left="0.2500000000000001" right="0.2562500000000001" />
</box>

<box type="sat">
<interval var="InA" left="55937.5" right="56093.75"/>
<interval var="lambda" left="0.3062500000000001" right="0.3125000000000001" />
</box>

<box type="sat">
<interval var="InA" left="60468.75" right="60625"/>
<interval var="lambda" left="0.2875000000000001" right="0.2937500000000001" />
</box>

<box type="sat">
<interval var="InA" left="63281.25" right="63437.5"/>
<interval var="lambda" left="0.2375" right="0.24375" />
</box>

<box type="sat">
<interval var="InA" left="63125" right="63281.25"/>
<interval var="lambda" left="0.2750000000000001" right="0.2812500000000001" />
</box>

<box type="sat">
<interval var="InA" left="61562.5" right="61718.75"/>
<interval var="lambda" left="0.2562500000000001" right="0.2625000000000001" />
</box>

<box type="sat">
<interval var="InA" left="58906.25" right="59062.5"/>
<interval var="lambda" left="0.3125000000000001" right="0.3187500000000001" />
</box>

<box type="sat">
<interval var="InA" left="62343.75" right="62500"/>
<interval var="lambda" left="0.24375" right="0.2500000000000001" />
</box>

<box type="sat">
<interval var="InA" left="61406.25" right="61562.5"/>
<interval var="lambda" left="0.2500000000000001" right="0.2562500000000001" />
</box>

<box type="sat">
<interval var="InA" left="63750" right="63906.25"/>
<interval var="lambda" left="0.2687500000000001" right="0.2750000000000001" />
</box>

<box type="sat">
<interval var="InA" left="58125" right="58281.25"/>
<interval var="lambda" left="0.3125000000000001" right="0.3187500000000001" />
</box>

<box type="sat">
<interval var="InA" left="59218.75" right="59375"/>
<interval var="lambda" left="0.2750000000000001" right="0.2812500000000001" />
</box>

<box type="sat">
<interval var="InA" left="59218.75" right="59375"/>
<interval var="lambda" left="0.2625000000000001" right="0.2687500000000001" />
</box>

<box type="sat">
<interval var="InA" left="58437.5" right="58593.75"/>
<interval var="lambda" left="0.2875000000000001" right="0.2937500000000001" />
</box>

<box type="sat">
<interval var="InA" left="55468.75" right="55625"/>
<interval var="lambda" left="0.3" right="0.3062500000000001" />
</box>

<box type="sat">
<interval var="InA" left="63437.5" right="63593.75"/>
<interval var="lambda" left="0.2687500000000001" right="0.2750000000000001" />
</box>

<box type="sat">
<interval var="InA" left="62500" right="62656.25"/>
<interval var="lambda" left="0.2812500000000001" right="0.2875000000000001" />
</box>

<box type="sat">
<interval var="InA" left="59531.25" right="59687.5"/>
<interval var="lambda" left="0.2875000000000001" right="0.2937500000000001" />
</box>

<box type="sat">
<interval var="InA" left="61718.75" right="61875"/>
<interval var="lambda" left="0.2937500000000001" right="0.3" />
</box>

<box type="sat">
<interval var="InA" left="62812.5" right="62968.75"/>
<interval var="lambda" left="0.24375" right="0.2500000000000001" />
</box>

<box type="sat">
<interval var="InA" left="58437.5" right="58593.75"/>
<interval var="lambda" left="0.3" right="0.3062500000000001" />
</box>

<box type="sat">
<interval var="InA" left="57500" right="57656.25"/>
<interval var="lambda" left="0.2875000000000001" right="0.2937500000000001" />
</box>

<box type="sat">
<interval var="InA" left="55468.75" right="55625"/>
<interval var="lambda" left="0.3250000000000001" right="0.3312500000000001" />
</box>

<box type="sat">
<interval var="InA" left="58437.5" right="58593.75"/>
<interval var="lambda" left="0.2750000000000001" right="0.2812500000000001" />
</box>

<box type="sat">
<interval var="InA" left="57187.5" right="57343.75"/>
<interval var="lambda" left="0.3062500000000001" right="0.3125000000000001" />
</box>

<box type="sat">
<interval var="InA" left="61406.25" right="61562.5"/>
<interval var="lambda" left="0.2875000000000001" right="0.2937500000000001" />
</box>

<box type="sat">
<interval var="InA" left="60468.75" right="60625"/>
<interval var="lambda" left="0.2812500000000001" right="0.2875000000000001" />
</box>

<box type="sat">
<interval var="InA" left="58281.25" right="58437.5"/>
<interval var="lambda" left="0.2937500000000001" right="0.3" />
</box>

<box type="sat">
<interval var="InA" left="60000" right="60156.25"/>
<interval var="lambda" left="0.2625000000000001" right="0.2687500000000001" />
</box>

<box type="sat">
<interval var="InA" left="59687.5" right="59843.75"/>
<interval var="lambda" left="0.2687500000000001" right="0.2750000000000001" />
</box>

<box type="sat">
<interval var="InA" left="61718.75" right="61875"/>
<interval var="lambda" left="0.2562500000000001" right="0.2625000000000001" />
</box>

<box type="sat">
<interval var="InA" left="60156.25" right="60312.5"/>
<interval var="lambda" left="0.2687500000000001" right="0.2750000000000001" />
</box>

<box type="sat">
<interval var="InA" left="61718.75" right="61875"/>
<interval var="lambda" left="0.2812500000000001" right="0.2875000000000001" />
</box>

<box type="sat">
<interval var="InA" left="64531.25" right="64687.5"/>
<interval var="lambda" left="0.2750000000000001" right="0.2812500000000001" />
</box>

<box type="sat">
<interval var="InA" left="56562.5" right="56718.75"/>
<interval var="lambda" left="0.3062500000000001" right="0.3125000000000001" />
</box>

<box type="sat">
<interval var="InA" left="59531.25" right="59687.5"/>
<interval var="lambda" left="0.2937500000000001" right="0.3" />
</box>

<box type="sat">
<interval var="InA" left="56093.75" right="56250"/>
<interval var="lambda" left="0.2937500000000001" right="0.3" />
</box>

<box type="sat">
<interval var="InA" left="62500" right="62656.25"/>
<interval var="lambda" left="0.2562500000000001" right="0.2625000000000001" />
</box>

<box type="sat">
<interval var="InA" left="63906.25" right="64062.5"/>
<interval var="lambda" left="0.2625000000000001" right="0.2687500000000001" />
</box>

<box type="sat">
<interval var="InA" left="61875" right="62031.25"/>
<interval var="lambda" left="0.2812500000000001" right="0.2875000000000001" />
</box>

<box type="sat">
<interval var="InA" left="60156.25" right="60312.5"/>
<interval var="lambda" left="0.3" right="0.3062500000000001" />
</box>

<box type="sat">
<interval var="InA" left="59218.75" right="59375"/>
<interval var="lambda" left="0.2875000000000001" right="0.2937500000000001" />
</box>

<box type="sat">
<interval var="InA" left="61562.5" right="61718.75"/>
<interval var="lambda" left="0.2812500000000001" right="0.2875000000000001" />
</box>

<box type="sat">
<interval var="InA" left="57187.5" right="57343.75"/>
<interval var="lambda" left="0.2875000000000001" right="0.2937500000000001" />
</box>

<box type="sat">
<interval var="InA" left="61718.75" right="61875"/>
<interval var="lambda" left="0.2875000000000001" right="0.2937500000000001" />
</box>

<box type="sat">
<interval var="InA" left="60781.25" right="60937.5"/>
<interval var="lambda" left="0.2625000000000001" right="0.2687500000000001" />
</box>

<box type="sat">
<interval var="InA" left="63437.5" right="63593.75"/>
<interval var="lambda" left="0.2375" right="0.24375" />
</box>

<box type="sat">
<interval var="InA" left="60625" right="60781.25"/>
<interval var="lambda" left="0.2937500000000001" right="0.3" />
</box>

<box type="sat">
<interval var="InA" left="63437.5" right="63593.75"/>
<interval var="lambda" left="0.2812500000000001" right="0.2875000000000001" />
</box>

<box type="sat">
<interval var="InA" left="60312.5" right="60468.75"/>
<interval var="lambda" left="0.2812500000000001" right="0.2875000000000001" />
</box>

<box type="sat">
<interval var="InA" left="60937.5" right="61093.75"/>
<interval var="lambda" left="0.2500000000000001" right="0.2562500000000001" />
</box>

<box type="sat">
<interval var="InA" left="61093.75" right="61250"/>
<interval var="lambda" left="0.2812500000000001" right="0.2875000000000001" />
</box>

<box type="sat">
<interval var="InA" left="57812.5" right="57968.75"/>
<interval var="lambda" left="0.2750000000000001" right="0.2812500000000001" />
</box>

<box type="sat">
<interval var="InA" left="58593.75" right="58750"/>
<interval var="lambda" left="0.2937500000000001" right="0.3" />
</box>

<box type="sat">
<interval var="InA" left="58593.75" right="58750"/>
<interval var="lambda" left="0.2812500000000001" right="0.2875000000000001" />
</box>

<box type="sat">
<interval var="InA" left="56562.5" right="56718.75"/>
<interval var="lambda" left="0.3187500000000001" right="0.3250000000000001" />
</box>

<box type="sat">
<interval var="InA" left="62343.75" right="62500"/>
<interval var="lambda" left="0.2750000000000001" right="0.2812500000000001" />
</box>

<box type="sat">
<interval var="InA" left="58750" right="58906.25"/>
<interval var="lambda" left="0.2875000000000001" right="0.2937500000000001" />
</box>

<box type="sat">
<interval var="InA" left="59062.5" right="59218.75"/>
<interval var="lambda" left="0.3062500000000001" right="0.3125000000000001" />
</box>

<box type="sat">
<interval var="InA" left="60781.25" right="60937.5"/>
<interval var="lambda" left="0.2562500000000001" right="0.2625000000000001" />
</box>

<box type="sat">
<interval var="InA" left="64531.25" right="64687.5"/>
<interval var="lambda" left="0.23125" right="0.2375" />
</box>

<box type="sat">
<interval var="InA" left="63281.25" right="63437.5"/>
<interval var="lambda" left="0.2500000000000001" right="0.2562500000000001" />
</box>

<box type="sat">
<interval var="InA" left="58125" right="58281.25"/>
<interval var="lambda" left="0.3" right="0.3062500000000001" />
</box>

<box type="sat">
<interval var="InA" left="57500" right="57656.25"/>
<interval var="lambda" left="0.3062500000000001" right="0.3125000000000001" />
</box>

<box type="sat">
<interval var="InA" left="62031.25" right="62187.5"/>
<interval var="lambda" left="0.24375" right="0.2500000000000001" />
</box>

<box type="sat">
<interval var="InA" left="61562.5" right="61718.75"/>
<interval var="lambda" left="0.2750000000000001" right="0.2812500000000001" />
</box>

<box type="sat">
<interval var="InA" left="62968.75" right="63125"/>
<interval var="lambda" left="0.2500000000000001" right="0.2562500000000001" />
</box>

<box type="sat">
<interval var="InA" left="59218.75" right="59375"/>
<interval var="lambda" left="0.3062500000000001" right="0.3125000000000001" />
</box>

<box type="sat">
<interval var="InA" left="63281.25" right="63437.5"/>
<interval var="lambda" left="0.2812500000000001" right="0.2875000000000001" />
</box>

<box type="sat">
<interval var="InA" left="57812.5" right="57968.75"/>
<interval var="lambda" left="0.2812500000000001" right="0.2875000000000001" />
</box>

<box type="sat">
<interval var="InA" left="64062.5" right="64218.75"/>
<interval var="lambda" left="0.2812500000000001" right="0.2875000000000001" />
</box>

<box type="sat">
<interval var="InA" left="58906.25" right="59062.5"/>
<interval var="lambda" left="0.2687500000000001" right="0.2750000000000001" />
</box>

<box type="sat">
<interval var="InA" left="57031.25" right="57187.5"/>
<interval var="lambda" left="0.3187500000000001" right="0.3250000000000001" />
</box>

<box type="sat">
<interval var="InA" left="63281.25" right="63437.5"/>
<interval var="lambda" left="0.2750000000000001" right="0.2812500000000001" />
</box>

<box type="sat">
<interval var="InA" left="64531.25" right="64687.5"/>
<interval var="lambda" left="0.2375" right="0.24375" />
</box>

<box type="sat">
<interval var="InA" left="59843.75" right="60000"/>
<interval var="lambda" left="0.2750000000000001" right="0.2812500000000001" />
</box>

<box type="sat">
<interval var="InA" left="62656.25" right="62812.5"/>
<interval var="lambda" left="0.2812500000000001" right="0.2875000000000001" />
</box>

<box type="sat">
<interval var="InA" left="57968.75" right="58125"/>
<interval var="lambda" left="0.3" right="0.3062500000000001" />
</box>

<box type="sat">
<interval var="InA" left="62187.5" right="62343.75"/>
<interval var="lambda" left="0.2562500000000001" right="0.2625000000000001" />
</box>

<box type="sat">
<interval var="InA" left="59218.75" right="59375"/>
<interval var="lambda" left="0.3125000000000001" right="0.3187500000000001" />
</box>

<box type="sat">
<interval var="InA" left="64531.25" right="64687.5"/>
<interval var="lambda" left="0.24375" right="0.2500000000000001" />
</box>

<box type="sat">
<interval var="InA" left="55156.25" right="55312.5"/>
<interval var="lambda" left="0.2875000000000001" right="0.2937500000000001" />
</box>

<box type="sat">
<interval var="InA" left="61250" right="61406.25"/>
<interval var="lambda" left="0.2687500000000001" right="0.2750000000000001" />
</box>

<box type="sat">
<interval var="InA" left="55312.5" right="55468.75"/>
<interval var="lambda" left="0.3062500000000001" right="0.3125000000000001" />
</box>

<box type="sat">
<interval var="InA" left="59375" right="59531.25"/>
<interval var="lambda" left="0.2750000000000001" right="0.2812500000000001" />
</box>

<box type="sat">
<interval var="InA" left="64687.5" right="64843.75"/>
<interval var="lambda" left="0.2625000000000001" right="0.2687500000000001" />
</box>

<box type="sat">
<interval var="InA" left="62343.75" right="62500"/>
<interval var="lambda" left="0.2812500000000001" right="0.2875000000000001" />
</box>

<box type="sat">
<interval var="InA" left="59843.75" right="60000"/>
<interval var="lambda" left="0.2937500000000001" right="0.3" />
</box>

<box type="sat">
<interval var="InA" left="64375" right="64531.25"/>
<interval var="lambda" left="0.2562500000000001" right="0.2625000000000001" />
</box>

<box type="sat">
<interval var="InA" left="62812.5" right="62968.75"/>
<interval var="lambda" left="0.2875000000000001" right="0.2937500000000001" />
</box>

<box type="sat">
<interval var="InA" left="61562.5" right="61718.75"/>
<interval var="lambda" left="0.2687500000000001" right="0.2750000000000001" />
</box>

<box type="sat">
<interval var="InA" left="55625" right="55781.25"/>
<interval var="lambda" left="0.3062500000000001" right="0.3125000000000001" />
</box>

<box type="sat">
<interval var="InA" left="64687.5" right="64843.75"/>
<interval var="lambda" left="0.2500000000000001" right="0.2562500000000001" />
</box>

<box type="sat">
<interval var="InA" left="55625" right="55781.25"/>
<interval var="lambda" left="0.3125000000000001" right="0.3187500000000001" />
</box>

<box type="sat">
<interval var="InA" left="56875" right="57031.25"/>
<interval var="lambda" left="0.3250000000000001" right="0.3312500000000001" />
</box>

<box type="sat">
<interval var="InA" left="62812.5" right="62968.75"/>
<interval var="lambda" left="0.2500000000000001" right="0.2562500000000001" />
</box>

<box type="sat">
<interval var="InA" left="60000" right="60156.25"/>
<interval var="lambda" left="0.2562500000000001" right="0.2625000000000001" />
</box>

<box type="sat">
<interval var="InA" left="58437.5" right="58593.75"/>
<interval var="lambda" left="0.2687500000000001" right="0.2750000000000001" />
</box>

<box type="sat">
<interval var="InA" left="55625" right="55781.25"/>
<interval var="lambda" left="0.3250000000000001" right="0.3312500000000001" />
</box>

<box type="sat">
<interval var="InA" left="56093.75" right="56250"/>
<interval var="lambda" left="0.2875000000000001" right="0.2937500000000001" />
</box>

<box type="sat">
<interval var="InA" left="64531.25" right="64687.5"/>
<interval var="lambda" left="0.2687500000000001" right="0.2750000000000001" />
</box>

<box type="sat">
<interval var="InA" left="55937.5" right="56093.75"/>
<interval var="lambda" left="0.2937500000000001" right="0.3" />
</box>

<box type="sat">
<interval var="InA" left="63281.25" right="63437.5"/>
<interval var="lambda" left="0.2625000000000001" right="0.2687500000000001" />
</box>

<box type="sat">
<interval var="InA" left="62968.75" right="63125"/>
<interval var="lambda" left="0.2875000000000001" right="0.2937500000000001" />
</box>

<box type="sat">
<interval var="InA" left="63125" right="63281.25"/>
<interval var="lambda" left="0.2875000000000001" right="0.2937500000000001" />
</box>

<box type="sat">
<interval var="InA" left="61093.75" right="61250"/>
<interval var="lambda" left="0.2750000000000001" right="0.2812500000000001" />
</box>

<box type="sat">
<interval var="InA" left="59843.75" right="60000"/>
<interval var="lambda" left="0.2687500000000001" right="0.2750000000000001" />
</box>

<box type="sat">
<interval var="InA" left="60625" right="60781.25"/>
<interval var="lambda" left="0.2750000000000001" right="0.2812500000000001" />
</box>

<box type="sat">
<interval var="InA" left="63750" right="63906.25"/>
<interval var="lambda" left="0.2500000000000001" right="0.2562500000000001" />
</box>

<box type="sat">
<interval var="InA" left="60625" right="60781.25"/>
<interval var="lambda" left="0.2687500000000001" right="0.2750000000000001" />
</box>

<box type="sat">
<interval var="InA" left="58281.25" right="58437.5"/>
<interval var="lambda" left="0.3187500000000001" right="0.3250000000000001" />
</box>

<box type="sat">
<interval var="InA" left="57343.75" right="57500"/>
<interval var="lambda" left="0.2750000000000001" right="0.2812500000000001" />
</box>

<box type="sat">
<interval var="InA" left="60468.75" right="60625"/>
<interval var="lambda" left="0.3062500000000001" right="0.3125000000000001" />
</box>

<box type="sat">
<interval var="InA" left="64218.75" right="64375"/>
<interval var="lambda" left="0.24375" right="0.2500000000000001" />
</box>

<box type="sat">
<interval var="InA" left="64843.75" right="65000"/>
<interval var="lambda" left="0.23125" right="0.2375" />
</box>

<box type="sat">
<interval var="InA" left="61250" right="61406.25"/>
<interval var="lambda" left="0.2875000000000001" right="0.2937500000000001" />
</box>

<box type="sat">
<interval var="InA" left="55312.5" right="55468.75"/>
<interval var="lambda" left="0.3125000000000001" right="0.3187500000000001" />
</box>

<box type="sat">
<interval var="InA" left="64218.75" right="64375"/>
<interval var="lambda" left="0.23125" right="0.2375" />
</box>

<box type="sat">
<interval var="InA" left="64531.25" right="64687.5"/>
<interval var="lambda" left="0.2562500000000001" right="0.2625000000000001" />
</box>

<box type="sat">
<interval var="InA" left="64375" right="64531.25"/>
<interval var="lambda" left="0.2750000000000001" right="0.2812500000000001" />
</box>

<box type="sat">
<interval var="InA" left="64062.5" right="64218.75"/>
<interval var="lambda" left="0.2500000000000001" right="0.2562500000000001" />
</box>

<box type="sat">
<interval var="InA" left="64375" right="64531.25"/>
<interval var="lambda" left="0.2500000000000001" right="0.2562500000000001" />
</box>

<box type="sat">
<interval var="InA" left="58750" right="58906.25"/>
<interval var="lambda" left="0.3125000000000001" right="0.3187500000000001" />
</box>

<box type="sat">
<interval var="InA" left="58593.75" right="58750"/>
<interval var="lambda" left="0.3125000000000001" right="0.3187500000000001" />
</box>

<box type="sat">
<interval var="InA" left="63437.5" right="63593.75"/>
<interval var="lambda" left="0.2562500000000001" right="0.2625000000000001" />
</box>

<box type="sat">
<interval var="InA" left="59062.5" right="59218.75"/>
<interval var="lambda" left="0.2937500000000001" right="0.3" />
</box>

<box type="sat">
<interval var="InA" left="58437.5" right="58593.75"/>
<interval var="lambda" left="0.3125000000000001" right="0.3187500000000001" />
</box>

<box type="sat">
<interval var="InA" left="56718.75" right="56875"/>
<interval var="lambda" left="0.3250000000000001" right="0.3312500000000001" />
</box>

<box type="sat">
<interval var="InA" left="64375" right="64531.25"/>
<interval var="lambda" left="0.24375" right="0.2500000000000001" />
</box>

<box type="sat">
<interval var="InA" left="60781.25" right="60937.5"/>
<interval var="lambda" left="0.2687500000000001" right="0.2750000000000001" />
</box>

<box type="sat">
<interval var="InA" left="63125" right="63281.25"/>
<interval var="lambda" left="0.24375" right="0.2500000000000001" />
</box>

<box type="sat">
<interval var="InA" left="64375" right="64531.25"/>
<interval var="lambda" left="0.23125" right="0.2375" />
</box>

<box type="sat">
<interval var="InA" left="63593.75" right="63750"/>
<interval var="lambda" left="0.2812500000000001" right="0.2875000000000001" />
</box>

<box type="sat">
<interval var="InA" left="61093.75" right="61250"/>
<interval var="lambda" left="0.2562500000000001" right="0.2625000000000001" />
</box>

<box type="sat">
<interval var="InA" left="62187.5" right="62343.75"/>
<interval var="lambda" left="0.2500000000000001" right="0.2562500000000001" />
</box>

<box type="sat">
<interval var="InA" left="57656.25" right="57812.5"/>
<interval var="lambda" left="0.2875000000000001" right="0.2937500000000001" />
</box>

<box type="sat">
<interval var="InA" left="58437.5" right="58593.75"/>
<interval var="lambda" left="0.2812500000000001" right="0.2875000000000001" />
</box>

<box type="sat">
<interval var="InA" left="61093.75" right="61250"/>
<interval var="lambda" left="0.2687500000000001" right="0.2750000000000001" />
</box>

<box type="sat">
<interval var="InA" left="56406.25" right="56562.5"/>
<interval var="lambda" left="0.2937500000000001" right="0.3" />
</box>

<box type="sat">
<interval var="InA" left="55312.5" right="55468.75"/>
<interval var="lambda" left="0.3250000000000001" right="0.3312500000000001" />
</box>

<box type="sat">
<interval var="InA" left="58906.25" right="59062.5"/>
<interval var="lambda" left="0.2875000000000001" right="0.2937500000000001" />
</box>

<box type="sat">
<interval var="InA" left="63593.75" right="63750"/>
<interval var="lambda" left="0.2500000000000001" right="0.2562500000000001" />
</box>

<box type="sat">
<interval var="InA" left="56562.5" right="56718.75"/>
<interval var="lambda" left="0.3125000000000001" right="0.3187500000000001" />
</box>

<box type="sat">
<interval var="InA" left="55781.25" right="55937.5"/>
<interval var="lambda" left="0.3250000000000001" right="0.3312500000000001" />
</box>

<box type="sat">
<interval var="InA" left="60625" right="60781.25"/>
<interval var="lambda" left="0.2625000000000001" right="0.2687500000000001" />
</box>

<box type="sat">
<interval var="InA" left="56562.5" right="56718.75"/>
<interval var="lambda" left="0.2875000000000001" right="0.2937500000000001" />
</box>

<box type="sat">
<interval var="InA" left="57968.75" right="58125"/>
<interval var="lambda" left="0.2750000000000001" right="0.2812500000000001" />
</box>

<box type="sat">
<interval var="InA" left="58593.75" right="58750"/>
<interval var="lambda" left="0.3062500000000001" right="0.3125000000000001" />
</box>

<box type="sat">
<interval var="InA" left="59218.75" right="59375"/>
<interval var="lambda" left="0.2812500000000001" right="0.2875000000000001" />
</box>

<box type="sat">
<interval var="InA" left="56875" right="57031.25"/>
<interval var="lambda" left="0.2812500000000001" right="0.2875000000000001" />
</box>

<box type="sat">
<interval var="InA" left="57656.25" right="57812.5"/>
<interval var="lambda" left="0.2812500000000001" right="0.2875000000000001" />
</box>

<box type="sat">
<interval var="InA" left="57812.5" right="57968.75"/>
<interval var="lambda" left="0.3062500000000001" right="0.3125000000000001" />
</box>

<box type="sat">
<interval var="InA" left="61406.25" right="61562.5"/>
<interval var="lambda" left="0.2687500000000001" right="0.2750000000000001" />
</box>

<box type="sat">
<interval var="InA" left="59687.5" right="59843.75"/>
<interval var="lambda" left="0.2812500000000001" right="0.2875000000000001" />
</box>

<box type="sat">
<interval var="InA" left="62812.5" right="62968.75"/>
<interval var="lambda" left="0.2812500000000001" right="0.2875000000000001" />
</box>

<box type="sat">
<interval var="InA" left="59843.75" right="60000"/>
<interval var="lambda" left="0.3062500000000001" right="0.3125000000000001" />
</box>

<box type="sat">
<interval var="InA" left="64218.75" right="64375"/>
<interval var="lambda" left="0.2562500000000001" right="0.2625000000000001" />
</box>

<box type="sat">
<interval var="InA" left="55937.5" right="56093.75"/>
<interval var="lambda" left="0.3187500000000001" right="0.3250000000000001" />
</box>

<box type="sat">
<interval var="InA" left="60312.5" right="60468.75"/>
<interval var="lambda" left="0.2625000000000001" right="0.2687500000000001" />
</box>

<box type="sat">
<interval var="InA" left="57500" right="57656.25"/>
<interval var="lambda" left="0.2750000000000001" right="0.2812500000000001" />
</box>

<box type="sat">
<interval var="InA" left="62031.25" right="62187.5"/>
<interval var="lambda" left="0.2750000000000001" right="0.2812500000000001" />
</box>

<box type="sat">
<interval var="InA" left="58125" right="58281.25"/>
<interval var="lambda" left="0.2750000000000001" right="0.2812500000000001" />
</box>

<box type="sat">
<interval var="InA" left="60000" right="60156.25"/>
<interval var="lambda" left="0.2875000000000001" right="0.2937500000000001" />
</box>

<box type="sat">
<interval var="InA" left="58906.25" right="59062.5"/>
<interval var="lambda" left="0.2812500000000001" right="0.2875000000000001" />
</box>

<box type="sat">
<interval var="InA" left="61406.25" right="61562.5"/>
<interval var="lambda" left="0.2625000000000001" right="0.2687500000000001" />
</box>

<box type="sat">
<interval var="InA" left="62343.75" right="62500"/>
<interval var="lambda" left="0.2562500000000001" right="0.2625000000000001" />
</box>

<box type="sat">
<interval var="InA" left="63281.25" right="63437.5"/>
<interval var="lambda" left="0.2562500000000001" right="0.2625000000000001" />
</box>

<box type="sat">
<interval var="InA" left="60781.25" right="60937.5"/>
<interval var="lambda" left="0.2875000000000001" right="0.2937500000000001" />
</box>

<box type="sat">
<interval var="InA" left="57031.25" right="57187.5"/>
<interval var="lambda" left="0.3125000000000001" right="0.3187500000000001" />
</box>

<box type="sat">
<interval var="InA" left="58750" right="58906.25"/>
<interval var="lambda" left="0.3062500000000001" right="0.3125000000000001" />
</box>

<box type="sat">
<interval var="InA" left="59531.25" right="59687.5"/>
<interval var="lambda" left="0.2687500000000001" right="0.2750000000000001" />
</box>

<box type="sat">
<interval var="InA" left="55156.25" right="55312.5"/>
<interval var="lambda" left="0.3062500000000001" right="0.3125000000000001" />
</box>

<box type="sat">
<interval var="InA" left="60468.75" right="60625"/>
<interval var="lambda" left="0.2937500000000001" right="0.3" />
</box>

<box type="sat">
<interval var="InA" left="56562.5" right="56718.75"/>
<interval var="lambda" left="0.3250000000000001" right="0.3312500000000001" />
</box>

<box type="sat">
<interval var="InA" left="62968.75" right="63125"/>
<interval var="lambda" left="0.2375" right="0.24375" />
</box>

<box type="sat">
<interval var="InA" left="58125" right="58281.25"/>
<interval var="lambda" left="0.3062500000000001" right="0.3125000000000001" />
</box>

<box type="sat">
<interval var="InA" left="59062.5" right="59218.75"/>
<interval var="lambda" left="0.2625000000000001" right="0.2687500000000001" />
</box>

<box type="sat">
<interval var="InA" left="64531.25" right="64687.5"/>
<interval var="lambda" left="0.2625000000000001" right="0.2687500000000001" />
</box>

<box type="sat">
<interval var="InA" left="60156.25" right="60312.5"/>
<interval var="lambda" left="0.3062500000000001" right="0.3125000000000001" />
</box>

<box type="sat">
<interval var="InA" left="60000" right="60156.25"/>
<interval var="lambda" left="0.2937500000000001" right="0.3" />
</box>

<box type="sat">
<interval var="InA" left="61875" right="62031.25"/>
<interval var="lambda" left="0.2562500000000001" right="0.2625000000000001" />
</box>

<box type="sat">
<interval var="InA" left="55781.25" right="55937.5"/>
<interval var="lambda" left="0.3312500000000001" right="0.3375000000000001" />
</box>

<box type="sat">
<interval var="InA" left="62500" right="62656.25"/>
<interval var="lambda" left="0.2687500000000001" right="0.2750000000000001" />
</box>

<box type="sat">
<interval var="InA" left="56875" right="57031.25"/>
<interval var="lambda" left="0.3" right="0.3062500000000001" />
</box>

<box type="sat">
<interval var="InA" left="63906.25" right="64062.5"/>
<interval var="lambda" left="0.2375" right="0.24375" />
</box>

<box type="sat">
<interval var="InA" left="56093.75" right="56250"/>
<interval var="lambda" left="0.3250000000000001" right="0.3312500000000001" />
</box>

<box type="sat">
<interval var="InA" left="64218.75" right="64375"/>
<interval var="lambda" left="0.2812500000000001" right="0.2875000000000001" />
</box>

<box type="sat">
<interval var="InA" left="62968.75" right="63125"/>
<interval var="lambda" left="0.2812500000000001" right="0.2875000000000001" />
</box>

<box type="sat">
<interval var="InA" left="55937.5" right="56093.75"/>
<interval var="lambda" left="0.3" right="0.3062500000000001" />
</box>

<box type="sat">
<interval var="InA" left="62968.75" right="63125"/>
<interval var="lambda" left="0.2625000000000001" right="0.2687500000000001" />
</box>

<box type="sat">
<interval var="InA" left="61093.75" right="61250"/>
<interval var="lambda" left="0.2625000000000001" right="0.2687500000000001" />
</box>

<box type="sat">
<interval var="InA" left="60000" right="60156.25"/>
<interval var="lambda" left="0.3062500000000001" right="0.3125000000000001" />
</box>

<box type="sat">
<interval var="InA" left="63437.5" right="63593.75"/>
<interval var="lambda" left="0.2625000000000001" right="0.2687500000000001" />
</box>

<box type="sat">
<interval var="InA" left="59531.25" right="59687.5"/>
<interval var="lambda" left="0.2750000000000001" right="0.2812500000000001" />
</box>

<box type="sat">
<interval var="InA" left="59375" right="59531.25"/>
<interval var="lambda" left="0.3" right="0.3062500000000001" />
</box>

<box type="sat">
<interval var="InA" left="60781.25" right="60937.5"/>
<interval var="lambda" left="0.2937500000000001" right="0.3" />
</box>

<box type="sat">
<interval var="InA" left="56250" right="56406.25"/>
<interval var="lambda" left="0.2875000000000001" right="0.2937500000000001" />
</box>

<box type="sat">
<interval var="InA" left="55468.75" right="55625"/>
<interval var="lambda" left="0.3062500000000001" right="0.3125000000000001" />
</box>

<box type="sat">
<interval var="InA" left="60468.75" right="60625"/>
<interval var="lambda" left="0.2625000000000001" right="0.2687500000000001" />
</box>

<box type="sat">
<interval var="InA" left="64531.25" right="64687.5"/>
<interval var="lambda" left="0.2500000000000001" right="0.2562500000000001" />
</box>

<box type="sat">
<interval var="InA" left="57812.5" right="57968.75"/>
<interval var="lambda" left="0.3125000000000001" right="0.3187500000000001" />
</box>

<box type="sat">
<interval var="InA" left="58750" right="58906.25"/>
<interval var="lambda" left="0.2750000000000001" right="0.2812500000000001" />
</box>

<box type="sat">
<interval var="InA" left="60937.5" right="61093.75"/>
<interval var="lambda" left="0.3" right="0.3062500000000001" />
</box>

<box type="sat">
<interval var="InA" left="56718.75" right="56875"/>
<interval var="lambda" left="0.3125000000000001" right="0.3187500000000001" />
</box>

<box type="sat">
<interval var="InA" left="56406.25" right="56562.5"/>
<interval var="lambda" left="0.3" right="0.3062500000000001" />
</box>

<box type="sat">
<interval var="InA" left="60000" right="60156.25"/>
<interval var="lambda" left="0.2812500000000001" right="0.2875000000000001" />
</box>

<box type="sat">
<interval var="InA" left="57031.25" right="57187.5"/>
<interval var="lambda" left="0.2875000000000001" right="0.2937500000000001" />
</box>

<box type="sat">
<interval var="InA" left="58281.25" right="58437.5"/>
<interval var="lambda" left="0.3125000000000001" right="0.3187500000000001" />
</box>

<box type="sat">
<interval var="InA" left="59375" right="59531.25"/>
<interval var="lambda" left="0.3062500000000001" right="0.3125000000000001" />
</box>

<box type="sat">
<interval var="InA" left="63437.5" right="63593.75"/>
<interval var="lambda" left="0.24375" right="0.2500000000000001" />
</box>

<box type="sat">
<interval var="InA" left="60156.25" right="60312.5"/>
<interval var="lambda" left="0.2625000000000001" right="0.2687500000000001" />
</box>

<box type="sat">
<interval var="InA" left="58125" right="58281.25"/>
<interval var="lambda" left="0.2875000000000001" right="0.2937500000000001" />
</box>

<box type="sat">
<interval var="InA" left="59687.5" right="59843.75"/>
<interval var="lambda" left="0.3" right="0.3062500000000001" />
</box>

<box type="sat">
<interval var="InA" left="60937.5" right="61093.75"/>
<interval var="lambda" left="0.2750000000000001" right="0.2812500000000001" />
</box>

<box type="sat">
<interval var="InA" left="58437.5" right="58593.75"/>
<interval var="lambda" left="0.3062500000000001" right="0.3125000000000001" />
</box>

<box type="sat">
<interval var="InA" left="62187.5" right="62343.75"/>
<interval var="lambda" left="0.2937500000000001" right="0.3" />
</box>

<box type="sat">
<interval var="InA" left="64218.75" right="64375"/>
<interval var="lambda" left="0.2625000000000001" right="0.2687500000000001" />
</box>

<box type="sat">
<interval var="InA" left="57187.5" right="57343.75"/>
<interval var="lambda" left="0.3125000000000001" right="0.3187500000000001" />
</box>

<box type="sat">
<interval var="InA" left="60625" right="60781.25"/>
<interval var="lambda" left="0.2812500000000001" right="0.2875000000000001" />
</box>

<box type="sat">
<interval var="InA" left="63125" right="63281.25"/>
<interval var="lambda" left="0.2500000000000001" right="0.2562500000000001" />
</box>

<box type="sat">
<interval var="InA" left="59531.25" right="59687.5"/>
<interval var="lambda" left="0.3125000000000001" right="0.3187500000000001" />
</box>

<box type="sat">
<interval var="InA" left="56406.25" right="56562.5"/>
<interval var="lambda" left="0.3187500000000001" right="0.3250000000000001" />
</box>

<box type="sat">
<interval var="InA" left="59218.75" right="59375"/>
<interval var="lambda" left="0.3" right="0.3062500000000001" />
</box>

<box type="sat">
<interval var="InA" left="55937.5" right="56093.75"/>
<interval var="lambda" left="0.2875000000000001" right="0.2937500000000001" />
</box>

<box type="sat">
<interval var="InA" left="64687.5" right="64843.75"/>
<interval var="lambda" left="0.23125" right="0.2375" />
</box>

<box type="sat">
<interval var="InA" left="60468.75" right="60625"/>
<interval var="lambda" left="0.3" right="0.3062500000000001" />
</box>

<box type="sat">
<interval var="InA" left="59687.5" right="59843.75"/>
<interval var="lambda" left="0.2875000000000001" right="0.2937500000000001" />
</box>

<box type="sat">
<interval var="InA" left="61875" right="62031.25"/>
<interval var="lambda" left="0.2750000000000001" right="0.2812500000000001" />
</box>

	</point>
</data>