<?xml version="1.0"?>
<data progress="1">
	<point time="1">
		<box type="sat">
			<interval var="kappa" left="9" right="11" />
		</box>
	</point>
	<point time="2">
		<box type="sat">
			<interval var="kappa" left="9" right="11" />
		</box>
	</point>
	<point time="3">
		<box type="sat">
			<interval var="kappa" left="9.24023" right="10.7705" />
		</box>
		<box type="unsat">
			<interval var="kappa" left="9" right="9.2334" />
		</box>
		<box type="unsat">
			<interval var="kappa" left="10.7773" right="11" />
		</box>
		<box type="undec">
			<interval var="kappa" left="10.7705" right="10.7773" />
		</box>
		<box type="undec">
			<interval var="kappa" left="9.2334" right="9.24023" />
		</box>
	</point>
	<point time="4">
		<box type="sat">
			<interval var="kappa" left="9.42405" right="10.5859" />
		</box>
		<box type="unsat">
			<interval var="kappa" left="9.24023" right="9.41882" />
		</box>
		<box type="unsat">
			<interval var="kappa" left="10.5912" right="10.7705" />
		</box>
		<box type="undec">
			<interval var="kappa" left="10.5859" right="10.5912" />
		</box>
		<box type="undec">
			<interval var="kappa" left="9.41882" right="9.42405" />
		</box>
	</point>
	<point time="5">
		<box type="sat">
			<interval var="kappa" left="9.53411" right="10.4753" />
		</box>
		<box type="unsat">
			<interval var="kappa" left="9.42405" right="9.53014" />
		</box>
		<box type="unsat">
			<interval var="kappa" left="10.4799" right="10.5859" />
		</box>
		<box type="undec">
			<interval var="kappa" left="10.4753" right="10.4799" />
		</box>
		<box type="undec">
			<interval var="kappa" left="9.53014" right="9.53411" />
		</box>
	</point>
	<point time="6">
		<box type="sat">
			<interval var="kappa" left="9.60856" right="10.4018" />
		</box>
		<box type="unsat">
			<interval var="kappa" left="9.53411" right="9.60396" />
		</box>
		<box type="unsat">
			<interval var="kappa" left="10.4064" right="10.4753" />
		</box>
		<box type="undec">
			<interval var="kappa" left="10.4018" right="10.4064" />
		</box>
		<box type="undec">
			<interval var="kappa" left="9.60396" right="9.60856" />
		</box>
	</point>
	<point time="7">
		<box type="sat">
			<interval var="kappa" left="9.66046" right="10.3491" />
		</box>
		<box type="unsat">
			<interval var="kappa" left="9.60856" right="9.65736" />
		</box>
		<box type="unsat">
			<interval var="kappa" left="10.353" right="10.4018" />
		</box>
		<box type="undec">
			<interval var="kappa" left="10.3491" right="10.353" />
		</box>
		<box type="undec">
			<interval var="kappa" left="9.65736" right="9.66046" />
		</box>
	</point>
	<point time="8">
		<box type="sat">
			<interval var="kappa" left="9.69947" right="10.3101" />
		</box>
		<box type="unsat">
			<interval var="kappa" left="9.66046" right="9.69678" />
		</box>
		<box type="unsat">
			<interval var="kappa" left="10.3128" right="10.3491" />
		</box>
		<box type="undec">
			<interval var="kappa" left="10.3101" right="10.3128" />
		</box>
		<box type="undec">
			<interval var="kappa" left="9.69678" right="9.69947" />
		</box>
	</point>
	<point time="9">
		<box type="sat">
			<interval var="kappa" left="9.72988" right="10.2797" />
		</box>
		<box type="unsat">
			<interval var="kappa" left="9.69947" right="9.72749" />
		</box>
		<box type="unsat">
			<interval var="kappa" left="10.2821" right="10.3101" />
		</box>
		<box type="undec">
			<interval var="kappa" left="10.2797" right="10.2821" />
		</box>
		<box type="undec">
			<interval var="kappa" left="9.72749" right="9.72988" />
		</box>
	</point>
	<point time="10">
		<box type="sat">
			<interval var="kappa" left="9.75404" right="10.2555" />
		</box>
		<box type="unsat">
			<interval var="kappa" left="9.72988" right="9.75189" />
		</box>
		<box type="unsat">
			<interval var="kappa" left="10.2577" right="10.2797" />
		</box>
		<box type="undec">
			<interval var="kappa" left="10.2555" right="10.2577" />
		</box>
		<box type="undec">
			<interval var="kappa" left="9.75189" right="9.75404" />
		</box>
	</point>
	<point time="11">
		<box type="sat">
			<interval var="kappa" left="9.77461" right="10.2359" />
		</box>
		<box type="unsat">
			<interval var="kappa" left="9.75404" right="9.77167" />
		</box>
		<box type="unsat">
			<interval var="kappa" left="10.2379" right="10.2555" />
		</box>
		<box type="undec">
			<interval var="kappa" left="9.77167" right="9.77461" />
		</box>
		<box type="undec">
			<interval var="kappa" left="10.2359" right="10.2379" />
		</box>
	</point>
	<point time="12">
		<box type="sat">
			<interval var="kappa" left="9.79083" right="10.2188" />
		</box>
		<box type="unsat">
			<interval var="kappa" left="10.2215" right="10.2359" />
		</box>
		<box type="unsat">
			<interval var="kappa" left="9.77461" right="9.78813" />
		</box>
		<box type="undec">
			<interval var="kappa" left="10.2188" right="10.2215" />
		</box>
		<box type="undec">
			<interval var="kappa" left="9.78813" right="9.79083" />
		</box>
	</point>
	<point time="13">
		<box type="sat">
			<interval var="kappa" left="9.80504" right="10.2054" />
		</box>
		<box type="unsat">
			<interval var="kappa" left="9.79083" right="9.80253" />
		</box>
		<box type="unsat">
			<interval var="kappa" left="10.208" right="10.2188" />
		</box>
		<box type="undec">
			<interval var="kappa" left="10.2054" right="10.208" />
		</box>
		<box type="undec">
			<interval var="kappa" left="9.80253" right="9.80504" />
		</box>
	</point>
	<point time="14">
		<box type="sat">
			<interval var="kappa" left="9.81677" right="10.1929" />
		</box>
		<box type="unsat">
			<interval var="kappa" left="9.80504" right="9.81442" />
		</box>
		<box type="unsat">
			<interval var="kappa" left="10.1953" right="10.2054" />
		</box>
		<box type="undec">
			<interval var="kappa" left="10.1929" right="10.1953" />
		</box>
		<box type="undec">
			<interval var="kappa" left="9.81442" right="9.81677" />
		</box>
	</point>
	<point time="15">
		<box type="sat">
			<interval var="kappa" left="9.82706" right="10.1834" />
		</box>
		<box type="unsat">
			<interval var="kappa" left="9.81677" right="9.82485" />
		</box>
		<box type="unsat">
			<interval var="kappa" left="10.1856" right="10.1929" />
		</box>
		<box type="undec">
			<interval var="kappa" left="10.1834" right="10.1856" />
		</box>
		<box type="undec">
			<interval var="kappa" left="9.82485" right="9.82706" />
		</box>
	</point>
	<point time="16">
		<box type="sat">
			<interval var="kappa" left="9.83541" right="10.1743" />
		</box>
		<box type="unsat">
			<interval var="kappa" left="9.82706" right="9.83332" />
		</box>
		<box type="unsat">
			<interval var="kappa" left="10.1764" right="10.1834" />
		</box>
		<box type="undec">
			<interval var="kappa" left="10.1743" right="10.1764" />
		</box>
		<box type="undec">
			<interval var="kappa" left="9.83332" right="9.83541" />
		</box>
	</point>
	<point time="17">
		<box type="sat">
			<interval var="kappa" left="9.84335" right="10.1664" />
		</box>
		<box type="unsat">
			<interval var="kappa" left="9.83541" right="9.84136" />
		</box>
		<box type="unsat">
			<interval var="kappa" left="10.1684" right="10.1743" />
		</box>
		<box type="undec">
			<interval var="kappa" left="10.1664" right="10.1684" />
		</box>
		<box type="undec">
			<interval var="kappa" left="9.84136" right="9.84335" />
		</box>
	</point>
	<point time="18">
		<box type="sat">
			<interval var="kappa" left="9.85029" right="10.1595" />
		</box>
		<box type="unsat">
			<interval var="kappa" left="9.84335" right="9.8484" />
		</box>
		<box type="unsat">
			<interval var="kappa" left="10.1613" right="10.1664" />
		</box>
		<box type="undec">
			<interval var="kappa" left="10.1595" right="10.1613" />
		</box>
		<box type="undec">
			<interval var="kappa" left="9.8484" right="9.85029" />
		</box>
	</point>
	<point time="19">
		<box type="sat">
			<interval var="kappa" left="9.85633" right="10.154" />
		</box>
		<box type="unsat">
			<interval var="kappa" left="9.85029" right="9.85452" />
		</box>
		<box type="unsat">
			<interval var="kappa" left="10.1552" right="10.1595" />
		</box>
		<box type="undec">
			<interval var="kappa" left="10.154" right="10.1552" />
		</box>
		<box type="undec">
			<interval var="kappa" left="9.85452" right="9.85633" />
		</box>
	</point>
	<point time="20">
		<box type="sat">
			<interval var="kappa" left="9.86214" right="10.1482" />
		</box>
		<box type="unsat">
			<interval var="kappa" left="9.85633" right="9.8604" />
		</box>
		<box type="unsat">
			<interval var="kappa" left="10.1499" right="10.154" />
		</box>
		<box type="undec">
			<interval var="kappa" left="10.1482" right="10.1499" />
		</box>
		<box type="undec">
			<interval var="kappa" left="9.8604" right="9.86214" />
		</box>
	</point>
	<point time="21">
		<box type="sat">
			<interval var="kappa" left="9.86661" right="10.1437" />
		</box>
		<box type="unsat">
			<interval var="kappa" left="9.86214" right="9.8655" />
		</box>
		<box type="unsat">
			<interval var="kappa" left="10.1449" right="10.1482" />
		</box>
		<box type="undec">
			<interval var="kappa" left="10.1437" right="10.1449" />
		</box>
		<box type="undec">
			<interval var="kappa" left="9.8655" right="9.86661" />
		</box>
	</point>
	<point time="22">
		<box type="sat">
			<interval var="kappa" left="9.87094" right="10.1394" />
		</box>
		<box type="unsat">
			<interval var="kappa" left="9.86661" right="9.86986" />
		</box>
		<box type="unsat">
			<interval var="kappa" left="10.1405" right="10.1437" />
		</box>
		<box type="undec">
			<interval var="kappa" left="10.1394" right="10.1405" />
		</box>
		<box type="undec">
			<interval var="kappa" left="9.86986" right="9.87094" />
		</box>
	</point>
	<point time="23">
		<box type="sat">
			<interval var="kappa" left="9.87514" right="10.1352" />
		</box>
		<box type="unsat">
			<interval var="kappa" left="9.87094" right="9.87357" />
		</box>
		<box type="unsat">
			<interval var="kappa" left="10.1368" right="10.1394" />
		</box>
		<box type="undec">
			<interval var="kappa" left="10.1352" right="10.1368" />
		</box>
		<box type="undec">
			<interval var="kappa" left="9.87357" right="9.87514" />
		</box>
	</point>
	<point time="24">
		<box type="sat">
			<interval var="kappa" left="9.87869" right="10.1317" />
		</box>
		<box type="unsat">
			<interval var="kappa" left="9.87514" right="9.87717" />
		</box>
		<box type="unsat">
			<interval var="kappa" left="10.1332" right="10.1352" />
		</box>
		<box type="undec">
			<interval var="kappa" left="10.1317" right="10.1332" />
		</box>
		<box type="undec">
			<interval var="kappa" left="9.87717" right="9.87869" />
		</box>
	</point>
	<point time="25">
		<box type="sat">
			<interval var="kappa" left="9.88265" right="10.1287" />
		</box>
		<box type="unsat">
			<interval var="kappa" left="9.87869" right="9.88067" />
		</box>
		<box type="unsat">
			<interval var="kappa" left="10.1307" right="10.1317" />
		</box>
		<box type="undec">
			<interval var="kappa" left="9.88067" right="9.88265" />
		</box>
		<box type="undec">
			<interval var="kappa" left="10.1287" right="10.1307" />
		</box>
	</point>
</data>
